SF:lib/core/config/database/realm_database_impl.dart
DA:11,1
DA:14,1
DA:17,5
DA:18,1
DA:20,3
DA:24,1
DA:26,5
DA:29,1
DA:32,2
DA:39,1
DA:41,2
DA:44,1
DA:46,2
DA:49,1
DA:51,1
DA:52,2
DA:54,2
DA:55,1
DA:61,1
DA:64,2
DA:65,3
DA:70,1
DA:72,3
LF:23
LH:23
end_of_record
SF:lib/core/config/database/schemas/dashboard_schema.schema.realm.dart
DA:12,2
DA:16,2
DA:17,2
DA:20,0
DA:22,2
DA:23,2
DA:24,0
DA:25,0
DA:27,2
DA:28,2
DA:29,0
DA:30,0
DA:32,0
DA:34,0
DA:36,0
DA:39,0
DA:41,0
DA:43,0
DA:45,0
DA:46,0
DA:47,0
DA:48,0
DA:52,0
DA:53,0
DA:54,0
DA:57,0
DA:59,0
DA:60,0
DA:61,0
DA:63,0
DA:67,6
DA:68,2
DA:69,2
DA:75,2
DA:77,0
DA:78,0
LF:36
LH:11
end_of_record
SF:lib/core/config/database/schemas/dashboard_schema.schema.dart
DA:14,2
DA:15,1
DA:16,1
LF:3
LH:3
end_of_record
SF:lib/core/config/envi/envi.dart
DA:6,2
DA:7,4
DA:10,1
DA:11,2
DA:14,1
DA:15,2
DA:18,1
DA:19,2
DA:22,1
DA:23,2
LF:10
LH:10
end_of_record
SF:lib/core/errors/failures.dart
DA:8,4
DA:12,1
DA:13,2
DA:17,4
DA:21,2
DA:22,4
DA:26,1
DA:30,1
DA:31,2
LF:9
LH:9
end_of_record
SF:lib/modules/ronpos/features/dashboard/data/datasources/local/dashboard_local_datasource.dart
DA:15,1
DA:17,1
DA:20,2
DA:21,1
DA:22,2
DA:24,2
DA:26,3
LF:7
LH:7
end_of_record
SF:lib/modules/ronpos/features/dashboard/data/datasources/remote/dashboard_remote_datasource.dart
DA:12,1
DA:15,1
LF:2
LH:2
end_of_record
SF:lib/modules/ronpos/features/dashboard/data/models/dashboard_model.codegen.dart
DA:14,1
DA:15,1
DA:20,4
LF:3
LH:3
end_of_record
SF:lib/modules/ronpos/features/dashboard/data/models/dashboard_model.codegen.g.dart
DA:11,1
DA:12,1
DA:13,2
DA:14,1
DA:17,0
DA:19,0
DA:20,0
DA:21,0
LF:8
LH:4
end_of_record
SF:lib/modules/ronpos/features/dashboard/domain/usecases/get_dashboard_data_from_remote_usecase.dart
DA:10,1
DA:12,1
DA:14,2
LF:3
LH:3
end_of_record
SF:lib/modules/ronpos/features/dashboard/domain/usecases/get_dashboard_data_usecase.dart
DA:10,1
DA:12,1
DA:14,2
LF:3
LH:3
end_of_record
SF:lib/core/helpers/assertion_helper.dart
DA:2,2
DA:3,2
DA:5,2
DA:6,2
DA:7,2
DA:14,1
DA:18,1
LF:7
LH:7
end_of_record
SF:lib/core/helpers/sentry_helper.dart
DA:8,1
DA:12,1
LF:2
LH:2
end_of_record
SF:lib/core/module/realm_module.dart
DA:8,1
DA:10,2
DA:11,1
DA:13,1
DA:16,1
LF:5
LH:5
end_of_record
SF:lib/injector.dart
DA:5,12
DA:7,4
DA:9,8
LF:3
LH:3
end_of_record
SF:lib/core/config/database/schemas/realm_schemas_list.dart
DA:8,2
DA:11,2
DA:12,4
DA:13,2
DA:14,2
DA:15,1
DA:16,1
DA:18,2
DA:23,8
DA:24,4
LF:10
LH:10
end_of_record
SF:lib/core/config/database/schemas/sentinel/sentinel_dashboard_schema.schema.realm.dart
DA:12,0
DA:17,0
DA:18,0
DA:19,0
DA:22,0
DA:24,0
DA:25,0
DA:26,0
DA:27,0
DA:29,0
DA:30,0
DA:31,0
DA:32,0
DA:34,0
DA:35,0
DA:36,0
DA:37,0
DA:39,0
DA:41,0
DA:43,0
DA:46,0
DA:48,0
DA:50,0
DA:52,0
DA:53,0
DA:54,0
DA:55,0
DA:56,0
DA:60,0
DA:61,0
DA:62,0
DA:65,0
DA:66,0
DA:68,0
DA:69,0
DA:70,0
DA:71,0
DA:73,0
DA:77,3
DA:78,1
DA:79,1
DA:86,1
DA:88,0
DA:89,0
LF:44
LH:4
end_of_record
SF:lib/core/config/mqtt/mqtt_config.dart
DA:8,0
DA:10,0
DA:14,0
DA:15,0
DA:16,0
DA:17,0
DA:18,0
DA:19,0
DA:22,0
DA:23,0
DA:26,0
DA:27,0
DA:30,0
DA:31,0
DA:35,0
DA:39,0
DA:43,0
DA:47,0
DA:51,0
DA:55,0
DA:59,0
DA:63,0
DA:67,0
DA:71,0
DA:75,0
DA:79,0
DA:83,0
DA:87,0
DA:91,0
DA:95,0
DA:99,0
DA:103,0
LF:32
LH:0
end_of_record
SF:lib/core/helpers/dio_helper.dart
DA:12,2
DA:14,2
DA:15,2
DA:16,2
DA:26,4
DA:29,1
DA:30,4
DA:31,1
DA:50,2
DA:54,1
DA:55,5
DA:56,2
LF:12
LH:12
end_of_record
SF:lib/core/helpers/internet_helper.dart
DA:6,1
DA:8,1
DA:9,2
DA:10,1
DA:11,1
DA:12,1
LF:6
LH:6
end_of_record
SF:lib/core/module/http_module.dart
DA:7,1
DA:8,1
LF:2
LH:2
end_of_record
SF:lib/core/module/preferences_module.dart
DA:6,4
DA:9,4
LF:2
LH:2
end_of_record
SF:lib/core/module/utilities_module.dart
DA:6,1
DA:7,1
LF:2
LH:2
end_of_record
SF:lib/modules/ronpos/features/dashboard/data/repository/dashboard_repository_impl.dart
DA:11,1
DA:15,1
DA:17,2
DA:20,1
DA:24,2
LF:5
LH:5
end_of_record
SF:lib/modules/ronpos/features/dashboard/presentations/bloc/ronpos_dashboard_state.dart
DA:13,1
LF:1
LH:1
end_of_record
SF:lib/modules/ronpos/features/dashboard/presentations/bloc/ronpos_dashboard_bloc.dart
DA:18,1
DA:21,2
DA:22,2
DA:23,2
DA:26,1
DA:30,4
DA:32,3
DA:34,1
DA:35,2
DA:36,3
DA:38,1
DA:41,2
DA:42,3
DA:44,1
DA:50,1
DA:54,4
DA:56,3
DA:58,1
DA:59,2
DA:60,3
DA:62,1
DA:65,2
DA:66,3
DA:68,1
LF:24
LH:24
end_of_record
SF:lib/modules/ronpos/features/dashboard/presentations/bloc/ronpos_dashboard_event.dart
LF:0
LH:0
end_of_record
